[    0.000000] Initializing cgroup subsys cpuset
[    0.000000] Initializing cgroup subsys cpu
[    0.000000] Initializing cgroup subsys cpuacct
[    0.000000] Linux version 4.4.0-83-generic (buildd@lcy01-02) (gcc version 5.4.0 20160609 (Ubuntu 5.4.0-6ubuntu1~16.04.4) ) #106-Ubuntu SMP Mon Jun 26 17:54:25 UTC 2017 (Ubuntu 4.4.0-83.106-generic 4.4.70)
[    0.000000] KERNEL supported cpus:
[    0.000000]   Intel GenuineIntel
[    0.000000]   AMD AuthenticAMD
[    0.000000]   NSC Geode by NSC
[    0.000000]   Cyrix CyrixInstead
[    0.000000]   Centaur CentaurHauls
[    0.000000]   Transmeta GenuineTMx86
[    0.000000]   Transmeta TransmetaCPU
[    0.000000]   UMC UMC UMC UMC
[    0.000000] x86/fpu: xstate_offset[2]:  576, xstate_sizes[2]:  256
[    0.000000] x86/fpu: Supporting XSAVE feature 0x01: 'x87 floating point registers'
[    0.000000] x86/fpu: Supporting XSAVE feature 0x02: 'SSE registers'
[    0.000000] x86/fpu: Supporting XSAVE feature 0x04: 'AVX registers'
[    0.000000] x86/fpu: Enabled xstate features 0x7, context size is 832 bytes, using 'standard' format.
[    0.000000] x86/fpu: Using 'lazy' FPU context switches.
[    0.000000] e820: BIOS-provided physical RAM map:
[    0.000000] BIOS-e820: [mem 0x0000000000000000-0x000000000009fbff] usable
[    0.000000] BIOS-e820: [mem 0x000000000009fc00-0x000000000009ffff] reserved
[    0.000000] BIOS-e820: [mem 0x00000000000f0000-0x00000000000fffff] reserved
[    0.000000] BIOS-e820: [mem 0x0000000000100000-0x000000003ffeffff] usable
[    0.000000] BIOS-e820: [mem 0x000000003fff0000-0x000000003fffffff] ACPI data
[    0.000000] BIOS-e820: [mem 0x00000000fec00000-0x00000000fec00fff] reserved
[    0.000000] BIOS-e820: [mem 0x00000000fee00000-0x00000000fee00fff] reserved
[    0.000000] BIOS-e820: [mem 0x00000000fffc0000-0x00000000ffffffff] reserved
[    0.000000] NX (Execute Disable) protection: active
[    0.000000] SMBIOS 2.5 present.
[    0.000000] Hypervisor detected: KVM
[    0.000000] e820: last_pfn = 0x3fff0 max_arch_pfn = 0x1000000
[    0.000000] MTRR: Disabled
[    0.000000] x86/PAT: MTRRs disabled, skipping PAT initialization too.
[    0.000000] x86/PAT: Configuration [0-7]: WB  WT  UC- UC  WB  WT  UC- UC  
[    0.000000] CPU MTRRs all blank - virtualized system.
[    0.000000] found SMP MP-table at [mem 0x0009fff0-0x0009ffff] mapped at [c009fff0]
[    0.000000] Scanning 1 areas for low memory corruption
[    0.000000] RAMDISK: [mem 0x36aba000-0x37554fff]
[    0.000000] ACPI: Early table checksum verification disabled
[    0.000000] ACPI: RSDP 0x00000000000E0000 000024 (v02 VBOX  )
[    0.000000] ACPI: XSDT 0x000000003FFF0030 00003C (v01 VBOX   VBOXXSDT 00000001 ASL  00000061)
[    0.000000] ACPI: FACP 0x000000003FFF00F0 0000F4 (v04 VBOX   VBOXFACP 00000001 ASL  00000061)
[    0.000000] ACPI: DSDT 0x000000003FFF0470 0021C8 (v02 VBOX   VBOXBIOS 00000002 INTL 20100528)
[    0.000000] ACPI: FACS 0x000000003FFF0200 000040
[    0.000000] ACPI: FACS 0x000000003FFF0200 000040
[    0.000000] ACPI: APIC 0x000000003FFF0240 00005C (v02 VBOX   VBOXAPIC 00000001 ASL  00000061)
[    0.000000] ACPI: SSDT 0x000000003FFF02A0 0001CC (v01 VBOX   VBOXCPUT 00000002 INTL 20100528)
[    0.000000] 131MB HIGHMEM available.
[    0.000000] 891MB LOWMEM available.
[    0.000000]   mapped low ram: 0 - 37bfe000
[    0.000000]   low ram: 0 - 37bfe000
[    0.000000] kvm-clock: Using msrs 4b564d01 and 4b564d00
[    0.000000] kvm-clock: cpu 0, msr 0:37bfd001, primary cpu clock
[    0.000000] kvm-clock: using sched offset of 3139864627 cycles
[    0.000000] clocksource: kvm-clock: mask: 0xffffffffffffffff max_cycles: 0x1cd42e4dffb, max_idle_ns: 881590591483 ns
[    0.000000] Zone ranges:
[    0.000000]   DMA      [mem 0x0000000000001000-0x0000000000ffffff]
[    0.000000]   Normal   [mem 0x0000000001000000-0x0000000037bfdfff]
[    0.000000]   HighMem  [mem 0x0000000037bfe000-0x000000003ffeffff]
[    0.000000] Movable zone start for each node
[    0.000000] Early memory node ranges
[    0.000000]   node   0: [mem 0x0000000000001000-0x000000000009efff]
[    0.000000]   node   0: [mem 0x0000000000100000-0x000000003ffeffff]
[    0.000000] Initmem setup node 0 [mem 0x0000000000001000-0x000000003ffeffff]
[    0.000000] Using APIC driver default
[    0.000000] ACPI: PM-Timer IO Port: 0x4008
[    0.000000] IOAPIC[0]: apic_id 2, version 32, address 0xfec00000, GSI 0-23
[    0.000000] ACPI: INT_SRC_OVR (bus 0 bus_irq 0 global_irq 2 dfl dfl)
[    0.000000] ACPI: INT_SRC_OVR (bus 0 bus_irq 9 global_irq 9 high level)
[    0.000000] Using ACPI (MADT) for SMP configuration information
[    0.000000] smpboot: Allowing 2 CPUs, 0 hotplug CPUs
[    0.000000] PM: Registered nosave memory: [mem 0x00000000-0x00000fff]
[    0.000000] PM: Registered nosave memory: [mem 0x0009f000-0x0009ffff]
[    0.000000] PM: Registered nosave memory: [mem 0x000a0000-0x000effff]
[    0.000000] PM: Registered nosave memory: [mem 0x000f0000-0x000fffff]
[    0.000000] e820: [mem 0x40000000-0xfebfffff] available for PCI devices
[    0.000000] Booting paravirtualized kernel on KVM
[    0.000000] clocksource: refined-jiffies: mask: 0xffffffff max_cycles: 0xffffffff, max_idle_ns: 7645519600211568 ns
[    0.000000] setup_percpu: NR_CPUS:8 nr_cpumask_bits:8 nr_cpu_ids:2 nr_node_ids:1
[    0.000000] PERCPU: Embedded 19 pages/cpu @f76b0000 s47436 r0 d30388 u77824
[    0.000000] PV qspinlock hash table entries: 512 (order: 0, 4096 bytes)
[    0.000000] Built 1 zonelists in Zone order, mobility grouping on.  Total pages: 259800
[    0.000000] Kernel command line: BOOT_IMAGE=/boot/vmlinuz-4.4.0-83-generic root=LABEL=cloudimg-rootfs ro console=tty1 console=ttyS0
[    0.000000] PID hash table entries: 4096 (order: 2, 16384 bytes)
[    0.000000] Dentry cache hash table entries: 131072 (order: 7, 524288 bytes)
[    0.000000] Inode-cache hash table entries: 65536 (order: 6, 262144 bytes)
[    0.000000] Initializing CPU#0
[    0.000000] Initializing HighMem for node 0 (00037bfe:0003fff0)
[    0.000000] Initializing Movable for node 0 (00000000:00000000)
[    0.000000] Memory: 1012076K/1048120K available (7960K kernel code, 770K rwdata, 3164K rodata, 940K init, 800K bss, 36044K reserved, 0K cma-reserved, 135112K highmem)
[    0.000000] virtual kernel memory layout:
[    0.000000]     fixmap  : 0xfff15000 - 0xfffff000   ( 936 kB)
[    0.000000]     pkmap   : 0xffc00000 - 0xffe00000   (2048 kB)
[    0.000000]     vmalloc : 0xf83fe000 - 0xffbfe000   ( 120 MB)
[    0.000000]     lowmem  : 0xc0000000 - 0xf7bfe000   ( 891 MB)
[    0.000000]       .init : 0xc1ba1000 - 0xc1c8c000   ( 940 kB)
[    0.000000]       .data : 0xc17c63cb - 0xc1b9fb40   (3941 kB)
[    0.000000]       .text : 0xc1000000 - 0xc17c63cb   (7960 kB)
[    0.000000] Checking if this processor honours the WP bit even in supervisor mode...Ok.
[    0.000000] SLUB: HWalign=64, Order=0-3, MinObjects=0, CPUs=2, Nodes=1
[    0.000000] Hierarchical RCU implementation.
[    0.000000] 	Build-time adjustment of leaf fanout to 32.
[    0.000000] 	RCU restricting CPUs from NR_CPUS=8 to nr_cpu_ids=2.
[    0.000000] RCU: Adjusting geometry for rcu_fanout_leaf=32, nr_cpu_ids=2
[    0.000000] NR_IRQS:2304 nr_irqs:440 16
[    0.000000] Console: colour VGA+ 80x25
[    0.000000] console [tty1] enabled
[    0.000000] console [ttyS0] enabled
[    0.000000] allocated 1048576 bytes of page_ext
[    0.000000] tsc: Detected 2693.774 MHz processor
[    2.520980] Calibrating delay loop (skipped) preset value.. 5387.54 BogoMIPS (lpj=10775096)
[    2.522231] pid_max: default: 32768 minimum: 301
[    2.541183] ACPI: Core revision 20150930
[    2.550521] ACPI: 2 ACPI AML tables successfully acquired and loaded
[    2.601224] Security Framework initialized
[    2.602698] Yama: becoming mindful.
[    2.603581] AppArmor: AppArmor initialized
[    2.608174] Mount-cache hash table entries: 2048 (order: 1, 8192 bytes)
[    2.655668] Mountpoint-cache hash table entries: 2048 (order: 1, 8192 bytes)
[    2.702429] Initializing cgroup subsys io
[    2.726272] Initializing cgroup subsys memory
[    2.760526] Initializing cgroup subsys devices
[    2.783190] Initializing cgroup subsys freezer
[    2.783845] Initializing cgroup subsys net_cls
[    2.784570] Initializing cgroup subsys perf_event
[    2.791539] Initializing cgroup subsys net_prio
[    2.792198] Initializing cgroup subsys hugetlb
[    2.792867] Initializing cgroup subsys pids
[    2.793562] CPU: Physical Processor ID: 0
[    2.801187] CPU: Processor Core ID: 0
[    2.803415] mce: CPU supports 0 MCE banks
[    2.805703] Last level iTLB entries: 4KB 1024, 2MB 1024, 4MB 1024
[    2.841290] Last level dTLB entries: 4KB 1024, 2MB 1024, 4MB 1024, 1GB 4
[    2.931604] Freeing SMP alternatives memory: 28K (c1c8c000 - c1c93000)
[    2.946787] ftrace: allocating 31411 entries in 62 pages
[    3.012015] smpboot: APIC(0) Converting physical 0 to logical package 0
[    3.028817] smpboot: Max logical packages: 1
[    3.040900] Enabling APIC mode:  Flat.  Using 1 I/O APICs
[    3.042634] ..TIMER: vector=0x30 apic1=0 pin1=2 apic2=-1 pin2=-1
[    3.148545] smpboot: CPU0: Intel(R) Core(TM) i5-4310M CPU @ 2.70GHz (family: 0x6, model: 0x3c, stepping: 0x3)
[    3.190639] Performance Events: unsupported p6 CPU model 60 no PMU driver, software events only.
[    3.193823] KVM setup paravirtual spinlock
[    3.226098] x86: Booting SMP configuration:
[    3.241164] .... node  #0, CPUs:      #1
[1266874886.569686] Initializing CPU#1
[    3.298332] kvm-clock: cpu 1, msr 0:37bfd041, secondary cpu clock
[    3.300697] mce: CPU supports 0 MCE banks
[    3.303190] x86: Booted up 1 node, 2 CPUs
[    3.336001] smpboot: Total of 2 processors activated (10775.09 BogoMIPS)
[    3.369845] devtmpfs: initialized
[    3.393642] evm: security.selinux
[    3.406096] evm: security.SMACK64
[    3.418234] evm: security.SMACK64EXEC
[    3.418900] evm: security.SMACK64TRANSMUTE
[    3.422400] evm: security.SMACK64MMAP
[    3.431679] evm: security.ima
[    3.434861] evm: security.capability
[    3.447356] clocksource: jiffies: mask: 0xffffffff max_cycles: 0xffffffff, max_idle_ns: 7645041785100000 ns
[    3.484147] futex hash table entries: 512 (order: 3, 32768 bytes)
[    3.485118] pinctrl core: initialized pinctrl subsystem
[    3.498802] RTC time: 12:49:09, date: 07/12/17
[    3.499599] NET: Registered protocol family 16
[    3.500388] EISA bus registered
[    3.513124] cpuidle: using governor ladder
[    3.569208] cpuidle: using governor menu
[    3.594015] PCCT header not found.
[    3.605125] ACPI: bus type PCI registered
[    3.658620] acpiphp: ACPI Hot Plug PCI Controller Driver version: 0.5
[    3.659689] PCI : PCI BIOS area is rw and x. Use pci=nobios if you want it NX.
[    3.668811] PCI: PCI BIOS revision 2.10 entry at 0xfda26, last bus=0
[    3.669658] PCI: Using configuration type 1 for base access
[    3.682506] ACPI: Added _OSI(Module Device)
[    3.688530] ACPI: Added _OSI(Processor Device)
[    3.745569] ACPI: Added _OSI(3.0 _SCP Extensions)
[    3.804850] ACPI: Added _OSI(Processor Aggregator Device)
[    3.833502] ACPI: Executed 1 blocks of module-level executable AML code
[    3.835871] ACPI: Interpreter enabled
[    3.844431] ACPI: (supports S0 S5)
[    3.844988] ACPI: Using IOAPIC for interrupt routing
[    3.847608] PCI: Using host bridge windows from ACPI; if necessary, use "pci=nocrs" and report a bug
[    3.857043] ACPI: PCI Root Bridge [PCI0] (domain 0000 [bus 00-ff])
[    3.881952] acpi PNP0A03:00: _OSC: OS supports [ASPM ClockPM Segments MSI]
[    3.902905] acpi PNP0A03:00: _OSC failed (AE_NOT_FOUND); disabling ASPM
[    3.910050] acpi PNP0A03:00: fail to add MMCONFIG information, can't access extended PCI configuration space under this bridge.
[    3.922391] PCI host bridge to bus 0000:00
[    3.933076] pci_bus 0000:00: root bus resource [io  0x0000-0x0cf7 window]
[    3.943464] pci_bus 0000:00: root bus resource [io  0x0d00-0xffff window]
[    3.957286] pci_bus 0000:00: root bus resource [mem 0x000a0000-0x000bffff window]
[    3.965674] pci_bus 0000:00: root bus resource [mem 0x40000000-0xffdfffff window]
[    3.978923] pci_bus 0000:00: root bus resource [bus 00-ff]
[    3.996908] pci 0000:00:01.1: legacy IDE quirk: reg 0x10: [io  0x01f0-0x01f7]
[    4.024889] pci 0000:00:01.1: legacy IDE quirk: reg 0x14: [io  0x03f6]
[    4.050758] pci 0000:00:01.1: legacy IDE quirk: reg 0x18: [io  0x0170-0x0177]
[    4.052979] pci 0000:00:01.1: legacy IDE quirk: reg 0x1c: [io  0x0376]
[    4.101514] pci 0000:00:07.0: quirk: [io  0x4000-0x403f] claimed by PIIX4 ACPI
[    4.121497] pci 0000:00:07.0: quirk: [io  0x4100-0x410f] claimed by PIIX4 SMB
[    4.143656] ACPI: PCI Interrupt Link [LNKA] (IRQs 5 9 10 *11)
[    4.177683] ACPI: PCI Interrupt Link [LNKB] (IRQs 5 9 10 *11)
[    4.198229] ACPI: PCI Interrupt Link [LNKC] (IRQs 5 9 *10 11)
[    4.199414] ACPI: PCI Interrupt Link [LNKD] (IRQs 5 *9 10 11)
[    4.200620] ACPI: Enabled 2 GPEs in block 00 to 07
[    4.201650] vgaarb: setting as boot device: PCI:0000:00:02.0
[    4.208934] vgaarb: device added: PCI:0000:00:02.0,decodes=io+mem,owns=io+mem,locks=none
[    4.210682] vgaarb: loaded
[    4.211386] vgaarb: bridge control possible 0000:00:02.0
[    4.217223] SCSI subsystem initialized
[    4.217921] ACPI: bus type USB registered
[    4.221518] usbcore: registered new interface driver usbfs
[    4.238246] usbcore: registered new interface driver hub
[    4.244941] usbcore: registered new device driver usb
[    4.248418] PCI: Using ACPI for IRQ routing
[    4.249299] NetLabel: Initializing
[    4.249847] NetLabel:  domain hash size = 128
[    4.251965] NetLabel:  protocols = UNLABELED CIPSOv4
[    4.252671] NetLabel:  unlabeled traffic allowed by default
[    4.253654] amd_nb: Cannot enumerate AMD northbridges
[    4.262883] clocksource: Switched to clocksource kvm-clock
[    4.272696] AppArmor: AppArmor Filesystem Enabled
[    4.312542] pnp: PnP ACPI init
[    4.327454] pnp: PnP ACPI: found 3 devices
[    4.417868] PnPBIOS: Disabled by ACPI PNP
[    4.459894] clocksource: acpi_pm: mask: 0xffffff max_cycles: 0xffffff, max_idle_ns: 2085701024 ns
[    4.484222] NET: Registered protocol family 2
[    4.485070] TCP established hash table entries: 8192 (order: 3, 32768 bytes)
[    4.493157] TCP bind hash table entries: 8192 (order: 4, 65536 bytes)
[    4.503375] TCP: Hash tables configured (established 8192 bind 8192)
[    4.514246] UDP hash table entries: 512 (order: 2, 16384 bytes)
[    4.515063] UDP-Lite hash table entries: 512 (order: 2, 16384 bytes)
[    4.515961] NET: Registered protocol family 1
[    4.516613] pci 0000:00:00.0: Limiting direct PCI/PCI transfers
[    4.517506] pci 0000:00:01.0: Activating ISA DMA hang workarounds
[    4.518633] Unpacking initramfs...
[    6.396683] Freeing initrd memory: 10860K (f6aba000 - f7555000)
[    6.419949] RAPL PMU detected, API unit is 2^-32 Joules, 4 fixed counters 10737418240 ms ovfl timer
[    6.421215] hw unit of domain pp0-core 2^-0 Joules
[    6.421882] hw unit of domain package 2^-0 Joules
[    6.422590] hw unit of domain dram 2^-0 Joules
[    6.435259] hw unit of domain pp1-gpu 2^-0 Joules
[    6.435998] platform rtc_cmos: registered platform RTC device (no PNP device found)
[    6.437151] Scanning for low memory corruption every 60 seconds
[    6.472905] audit: initializing netlink subsys (disabled)
[    6.503160] audit: type=2000 audit(1499863753.771:1): initialized
[    6.507092] Initialise system trusted keyring
[    6.526371] HugeTLB registered 2 MB page size, pre-allocated 0 pages
[    6.552481] zbud: loaded
[    6.575097] VFS: Disk quotas dquot_6.6.0
[    6.581597] VFS: Dquot-cache hash table entries: 1024 (order 0, 4096 bytes)
[    6.609000] squashfs: version 4.0 (2009/01/31) Phillip Lougher
[    6.635215] fuse init (API version 7.23)
[    6.646961] Key type big_key registered
[    6.674677] Allocating IMA MOK and blacklist keyrings.
[    6.681227] Key type asymmetric registered
[    6.694572] Asymmetric key parser 'x509' registered
[    6.715210] bounce: pool size: 64 pages
[    6.725443] Block layer SCSI generic (bsg) driver version 0.4 loaded (major 249)
[    6.745857] io scheduler noop registered
[    6.746507] io scheduler deadline registered (default)
[    6.766205] io scheduler cfq registered
[    6.766900] pci_hotplug: PCI Hot Plug PCI Core version: 0.5
[    6.767687] pciehp: PCI Express Hot Plug Controller Driver version: 0.4
[    6.768653] ACPI: AC Adapter [AC] (on-line)
[    6.769314] input: Power Button as /devices/LNXSYSTM:00/LNXPWRBN:00/input/input0
[    6.770407] ACPI: Power Button [PWRF]
[    6.771057] input: Sleep Button as /devices/LNXSYSTM:00/LNXSLPBN:00/input/input1
[    6.772144] ACPI: Sleep Button [SLPF]
[    6.772917] GHES: HEST is not enabled!
[    6.773410] ACPI: Battery Slot [BAT0] (battery present)
[    6.829608] isapnp: Scanning for PnP cards...
[    6.846671] Serial: 8250/16550 driver, 32 ports, IRQ sharing enabled
[    6.875958] 00:02: ttyS0 at I/O 0x3f8 (irq = 4, base_baud = 115200) is a 16550A
[    6.892342] Linux agpgart interface v0.103
[    6.908055] loop: module loaded
[    6.919783] scsi host0: ata_piix
[    6.928780] scsi host1: ata_piix
[    6.929582] ata1: PATA max UDMA/33 cmd 0x1f0 ctl 0x3f6 bmdma 0xd000 irq 14
[    6.932256] ata2: PATA max UDMA/33 cmd 0x170 ctl 0x376 bmdma 0xd008 irq 15
[    6.933562] libphy: Fixed MDIO Bus: probed
[    6.940739] tun: Universal TUN/TAP device driver, 1.6
[    6.950625] tun: (C) 1999-2004 Max Krasnyansky <maxk@qualcomm.com>
[    6.953065] PPP generic driver version 2.4.2
[    6.953868] ehci_hcd: USB 2.0 'Enhanced' Host Controller (EHCI) Driver
[    6.954870] ehci-pci: EHCI PCI platform driver
[    6.955681] ehci-platform: EHCI generic platform driver
[    6.974382] ohci_hcd: USB 1.1 'Open' Host Controller (OHCI) Driver
[    6.987037] ohci-pci: OHCI PCI platform driver
[    6.992824] ohci-platform: OHCI generic platform driver
[    6.996202] uhci_hcd: USB Universal Host Controller Interface driver
[    6.997419] i8042: PNP: PS/2 Controller [PNP0303:PS2K,PNP0f03:PS2M] at 0x60,0x64 irq 1,12
[    7.009074] serio: i8042 KBD port at 0x60,0x64 irq 1
[    7.020342] serio: i8042 AUX port at 0x60,0x64 irq 12
[    7.021412] mousedev: PS/2 mouse device common for all mice
[    7.030774] input: AT Translated Set 2 keyboard as /devices/platform/i8042/serio0/input/input2
[    7.034038] rtc_cmos rtc_cmos: rtc core: registered rtc_cmos as rtc0
[    7.037943] rtc_cmos rtc_cmos: alarms up to one day, 114 bytes nvram
[    7.040431] i2c /dev entries driver
[    7.054926] device-mapper: uevent: version 1.0.3
[    7.055759] device-mapper: ioctl: 4.34.0-ioctl (2015-10-28) initialised: dm-devel@redhat.com
[    7.057421] platform eisa.0: Probing EISA bus 0
[    7.062213] platform eisa.0: EISA: Cannot allocate resource for mainboard
[    7.067211] platform eisa.0: Cannot allocate resource for EISA slot 1
[    7.068061] platform eisa.0: Cannot allocate resource for EISA slot 2
[    7.068899] platform eisa.0: Cannot allocate resource for EISA slot 3
[    7.069806] platform eisa.0: Cannot allocate resource for EISA slot 4
[    7.070809] platform eisa.0: Cannot allocate resource for EISA slot 5
[    7.071804] platform eisa.0: Cannot allocate resource for EISA slot 6
[    7.072913] platform eisa.0: Cannot allocate resource for EISA slot 7
[    7.081857] platform eisa.0: Cannot allocate resource for EISA slot 8
[    7.087305] platform eisa.0: EISA: Detected 0 cards
[    7.088121] cpufreq-nforce2: No nForce2 chipset.
[    7.088890] ledtrig-cpu: registered to indicate activity on CPUs
[    7.090200] NET: Registered protocol family 10
[    7.091123] NET: Registered protocol family 17
[    7.096701] Key type dns_resolver registered
[    7.097730] microcode: CPU0 sig=0x306c3, pf=0x40, revision=0x0
[    7.098772] microcode: CPU1 sig=0x306c3, pf=0x40, revision=0x0
[    7.099785] microcode: Microcode Update Driver: v2.01 <tigran@aivazian.fsnet.co.uk>, Peter Oruba
[    7.101409] Using IPI No-Shortcut mode
[    7.102282] registered taskstats version 1
[    7.103095] Loading compiled-in X.509 certificates
[    7.106502] Loaded X.509 cert 'Build time autogenerated kernel key: 00b6515aa8253425ed3658068d9ee7caac75ba9a'
[    7.108325] zswap: loaded using pool lzo/zbud
[    7.111758] Key type trusted registered
[    7.115133] Key type encrypted registered
[    7.115963] AppArmor: AppArmor sha1 policy hashing enabled
[    7.116939] ima: No TPM chip found, activating TPM-bypass!
[    7.117923] evm: HMAC attrs: 0x1
[    7.118922]   Magic number: 9:965:834
[    7.130039] rtc_cmos rtc_cmos: setting system clock to 2017-07-12 12:49:13 UTC (1499863753)
[    7.131684] BIOS EDD facility v0.16 2004-Jun-25, 0 devices found
[    7.132719] EDD information not available.
[    7.209874] isapnp: No Plug & Play device found
[    7.226045] Freeing unused kernel memory: 940K (c1ba1000 - c1c8c000)
[    7.258508] Write protecting the kernel text: 7964k
[    7.274036] Write protecting the kernel read-only data: 3168k
[    7.276407] NX-protecting the kernel data: 6372k
Loading, please wait...
starting version[    7.296373] random: systemd-udevd: uninitialized urandom read (16 bytes read, 0 bits of entropy available)
 229
[    7.296914] random: udevadm: uninitialized urandom read (16 bytes read, 0 bits of entropy available)
[    7.296965] random: udevadm: uninitialized urandom read (16 bytes read, 0 bits of entropy available)
[    7.297079] random: udevadm: uninitialized urandom read (16 bytes read, 0 bits of entropy available)
[    7.297119] random: udevadm: uninitialized urandom read (16 bytes read, 0 bits of entropy available)
[    7.297156] random: udevadm: uninitialized urandom read (16 bytes read, 0 bits of entropy available)
[    7.297197] random: udevadm: uninitialized urandom read (16 bytes read, 0 bits of entropy available)
[    7.297236] random: udevadm: uninitialized urandom read (16 bytes read, 0 bits of entropy available)
[    7.297273] random: udevadm: uninitialized urandom read (16 bytes read, 0 bits of entropy available)
[    7.297311] random: udevadm: uninitialized urandom read (16 bytes read, 0 bits of entropy available)
[    7.559241] tsc: Refined TSC clocksource calibration: 2695.050 MHz
[    7.565967] clocksource: tsc: mask: 0xffffffffffffffff max_cycles: 0x26d8fa41b5e, max_idle_ns: 440795298171 ns
[    7.585900] e1000: Intel(R) PRO/1000 Network Driver - version 7.3.21-k8-NAPI
[    7.593398] e1000: Copyright (c) 1999-2006 Intel Corporation.
[    7.598817] Fusion MPT base driver 3.04.20
[    7.607615] Copyright (c) 1999-2008 LSI Corporation
[    7.654017] Fusion MPT SPI Host driver 3.04.20
[    7.827279] input: ImExPS/2 Generic Explorer Mouse as /devices/platform/i8042/serio1/input/input4
[    7.984878] e1000 0000:00:03.0 eth0: (PCI:33MHz:32-bit) 02:78:b2:60:73:84
[    8.009961] e1000 0000:00:03.0 eth0: Intel(R) PRO/1000 Network Connection
[    8.430230] e1000 0000:00:08.0 eth1: (PCI:33MHz:32-bit) 08:00:27:73:bd:85
[    8.520853] e1000 0000:00:08.0 eth1: Intel(R) PRO/1000 Network Connection
[    8.523293] e1000 0000:00:08.0 enp0s8: renamed from eth1
[    8.527000] mptbase: ioc0: Initiating bringup
[    8.551635] e1000 0000:00:03.0 enp0s3: renamed from eth0
[    8.631364] ioc0: LSI53C1030 A0: Capabilities={Initiator}
[    8.843095] scsi host2: ioc0: LSI53C1030 A0, FwRev=00000000h, Ports=1, MaxQ=256, IRQ=20
[    9.063647] scsi 2:0:0:0: Direct-Access     VBOX     HARDDISK         1.0  PQ: 0 ANSI: 5
[    9.098336] scsi target2:0:0: Beginning Domain Validation
[    9.133637] scsi target2:0:0: Domain Validation skipping write tests
[    9.166856] scsi target2:0:0: Ending Domain Validation
[    9.176035] scsi target2:0:0: asynchronous
[    9.191593] scsi 2:0:1:0: Direct-Access     VBOX     HARDDISK         1.0  PQ: 0 ANSI: 5
[    9.286879] scsi target2:0:1: Beginning Domain Validation
[    9.303956] scsi target2:0:1: Domain Validation skipping write tests
[    9.323895] scsi target2:0:1: Ending Domain Validation
[    9.444774] scsi target2:0:1: asynchronous
[    9.469117] sd 2:0:0:0: [sda] 20971520 512-byte logical blocks: (10.7 GB/10.0 GiB)
[    9.475294] sd 2:0:0:0: Attached scsi generic sg0 type 0
[    9.493287] sd 2:0:1:0: [sdb] 20480 512-byte logical blocks: (10.5 MB/10.0 MiB)
[    9.538675] sd 2:0:0:0: [sda] Write Protect is off
[    9.538710] sd 2:0:1:0: Attached scsi generic sg1 type 0
[    9.538823] sd 2:0:1:0: [sdb] Write Protect is off
[    9.538891] sd 2:0:1:0: [sdb] Incomplete mode parameter data
[    9.538892] sd 2:0:1:0: [sdb] Assuming drive cache: write through
[    9.542115] sd 2:0:1:0: [sdb] Attached SCSI disk
[    9.737443] sd 2:0:0:0: [sda] Incomplete mode parameter data
[    9.764983] sd 2:0:0:0: [sda] Assuming drive cache: write through
[    9.768761]  sda: sda1
[    9.803413] sd 2:0:0:0: [sda] Attached SCSI disk
[   10.639820] floppy0: no floppy controllers found
Begin: Loading e[   12.068846] md: linear personality registered for level -1
ssential drivers[   12.095595] md: multipath personality registered for level -4
 ... [   12.104944] md: raid0 personality registered for level 0
[   12.114716] md: raid1 personality registered for level 1
[   12.195230] raid6: mmxx1    gen()  6144 MB/s
[   12.271203] raid6: mmxx2    gen()  6386 MB/s
[   12.350958] raid6: sse1x1   gen()  5021 MB/s
[   12.443041] raid6: sse1x2   gen()  6384 MB/s
[   12.515236] raid6: sse2x1   gen()  9847 MB/s
[   12.595248] raid6: sse2x1   xor()  6244 MB/s
[   12.667247] raid6: sse2x2   gen() 11478 MB/s
[   12.743337] raid6: sse2x2   xor()  6371 MB/s
[   12.776815] raid6: using algorithm sse2x2 gen() 11478 MB/s
[   12.782091] raid6: .... xor() 6371 MB/s, rmw enabled
[   12.786048] raid6: using ssse3x1 recovery algorithm
[   12.789965] xor: automatically using best checksumming function:
[   12.866952]    avx       : 21477.000 MB/sec
[   12.886856] async_tx: api initialized (async)
[   12.915644] md: raid6 personality registered for level 6
[   12.939775] md: raid5 personality registered for level 5
[   12.940512] md: raid4 personality registered for level 4
[   12.954969] md: raid10 personality registered for level 10
done.
Begin: Running /scripts/init-premount ... done.
Begin: Mounting root file system ... Begin: Running /scripts/local-top ... done.
Begin: Running /scripts/local-premount ... [   13.003908] Btrfs loaded
Scanning for Btrfs filesystems
done.
Warning: fsck no[   13.037025] EXT4-fs (sda1): mounted filesystem with ordered data mode. Opts: (null)
t present, so skipping root file system
done.
Begin: Running /scripts/local-bottom ... done.
Begin: Running /scripts/init-bottom ... done.
[   13.131783] systemd[1]: systemd 229 running in system mode. (+PAM +AUDIT +SELINUX +IMA +APPARMOR +SMACK +SYSVINIT +UTMP +LIBCRYPTSETUP +GCRYPT +GNUTLS +ACL +XZ -LZ4 +SECCOMP +BLKID +ELFUTILS +KMOD -IDN)
[   13.172763] systemd[1]: Detected virtualization oracle.
[   13.175503] systemd[1]: Detected architecture x86.

Welcome to [1mUbuntu 16.04.2 LTS[0m!

[   13.237040] systemd[1]: Set hostname to <ubuntu>.
[   13.289136] systemd[1]: Initializing machine ID from random generator.
[   13.347183] systemd[1]: Installed transient /etc/machine-id file.
[   13.470073] systemd[1]: Reached target User and Group Name Lookups.
[[0;32m  OK  [0m] Reached target User and Group Name Lookups.
[   13.505521] systemd[1]: Set up automount Arbitrary Executable File Formats File System Automount Point.
[[0;32m  OK  [0m] Set up automount Arbitrary Executab...ats File System Automount Point.
[   13.508102] systemd[1]: Listening on Journal Socket (/dev/log).
[[0;32m  OK  [0m] Listening on Journal Socket (/dev/log).
[   13.510108] systemd[1]: Created slice User and Session Slice.
[[0;32m  OK  [0m] Created slice User and Session Slice.
[   13.511922] systemd[1]: Started Trigger resolvconf update for networkd DNS.
[[0;32m  OK  [0m] Started Trigger resolvconf update for networkd DNS.
[   13.513896] systemd[1]: Listening on /dev/initctl Compatibility Named Pipe.
[[0;32m  OK  [0m] Listening on /dev/initctl Compatibility Named Pipe.
[   13.515933] systemd[1]: Listening on udev Control Socket.
[[0;32m  OK  [0m] Listening on udev Control Socket.
[   13.517637] systemd[1]: Listening on Device-mapper event daemon FIFOs.
[[0;32m  OK  [0m] Listening on Device-mapper event daemon FIFOs.
[   13.527475] systemd[1]: Created slice System Slice.
[[0;32m  OK  [0m] Created slice System Slice.
[   13.609682] systemd[1]: Created slice system-serial\x2dgetty.slice.
[[0;32m  OK  [0m] Created slice system-serial\x2dgetty.slice.
[   13.620662] systemd[1]: Reached target Slices.
[[0;32m  OK  [0m] Reached target Slices.
[   13.639296] systemd[1]: Reached target Swap.
[[0;32m  OK  [0m] Reached target Swap.
[   13.658822] systemd[1]: Listening on LVM2 metadata daemon socket.
[[0;32m  OK  [0m] Listening on LVM2 metadata daemon socket.
[   13.699733] systemd[1]: Listening on udev Kernel Socket.
[[0;32m  OK  [0m] Listening on udev Kernel Socket.
[   13.735232] systemd[1]: Listening on Journal Audit Socket.
[[0;32m  OK  [0m] Listening on Journal Audit Socket.
[   13.751810] systemd[1]: Listening on Syslog Socket.
[[0;32m  OK  [0m] Listening on Syslog Socket.
[   13.755025] systemd[1]: Listening on LVM2 poll daemon socket.
[[0;32m  OK  [0m] Listening on LVM2 poll daemon socket.
[   13.791978] systemd[1]: Started Forward Password Requests to Wall Directory Watch.
[[0;32m  OK  [0m] Started Forward Password Requests to Wall Directory Watch.
[   13.947653] systemd[1]: Listening on Journal Socket.
[[0;32m  OK  [0m] Listening on Journal Socket.
[   14.055096] systemd[1]: Mounting Huge Pages File System...
         Mounting Huge Pages File System...
[   14.106082] systemd[1]: Starting Monitoring of LVM2 mirrors, snapshots etc. using dmeventd or progress polling...
         Starting Monitoring of LVM2 mirrors... dmeventd or progress polling...
[   14.144567] systemd[1]: Starting Journal Service...
         Starting Journal Service...
[   14.187324] systemd[1]: Starting Uncomplicated firewall...
         Starting Uncomplicated firewall...
[   14.202611] systemd[1]: Starting Remount Root and Kernel File Systems...
         Starting Remount[   14.207761] EXT4-fs (sda1): re-mounted. Opts: (null)
 Root and Kernel File Systems...
[   14.231793] systemd[1]: Mounting POSIX Message Queue File System...
         Mounting POSIX Message Queue File System...
[   14.237932] systemd[1]: Mounting Debug File System...
         Mounting Debug File System...
[   14.249476] systemd[1]: Starting Create list of required static device nodes for the current kernel...
         Starting Create list of required st... nodes for the current kernel...
[   14.331799] systemd[1]: Starting Load Kernel Modules...
         Starting Load Kernel Modules...
[   14.370844] systemd[1]: Starting Set console keymap...
[   14.376422] Loading iSCSI transport class v2.0-870.
         Starting Set console keymap...
[   14.431539] iscsi: registered transport (tcp)
[   14.443042] systemd[1]: Starting Nameserver information manager...
         Starting Nameserver information manager...
[   14.471821] systemd[1]: Reached target Encrypted Volumes.
[[0;32m  OK  [0m] Reached target Encrypted Volumes.
[   14.500890] iscsi: registered transport (iser)
[   14.524621] systemd[1]: Mounted Huge Pages File System.
[[0;32m  OK  [0m] Mounted Huge Pages File System.
[   14.559331] systemd[1]: Mounted POSIX Message Queue File System.
[[0;32m  OK  [0m] Mounted POSIX Message Queue File System.
[   14.624296] systemd[1]: Mounted Debug File System.
[[0;32m  OK  [0m] Mounted Debug File System.
[   14.708152] systemd[1]: Started Journal Service.
[[0;32m  OK  [0m] Started Journal Service.
[[0;32m  OK  [0m] Started Uncomplicated firewall.
[[0;32m  OK  [0m] Started Remount Root and Kernel File Systems.
[[0;32m  OK  [0m] Started Create list of required sta...ce nodes for the current kernel.
[[0;32m  OK  [0m] Started Load Kernel Modules.
[[0;32m  OK  [0m] Started Set console keymap.
[[0;32m  OK  [[   14.993664] random: nonblocking pool is initialized
0m] Started Nameserver information manager.
[[0;32m  OK  [0m] Started LVM2 metadata daemon.
         Mounting FUSE Control File System...
         Starting Apply Kernel Variables...
         Starting Create Static Device Nodes in /dev...
         Starting Initial cloud-init job (pre-networking)...
         Starting Load/Save Random Seed...
         Starting udev Coldplug all Devices...
         Starting Flush Journal to Persistent Storage...
[[0;32m  OK  [0m] Mounted FUSE Control File System.
[[0;32m  OK  [0m] Started Apply Kernel Variables.
[[0;32m  OK  [0m] Started Create Static Device Nodes in /dev.
[[0;32m  OK  [0m] Started Load/Save Random Seed.
[[0;32m  OK  [0m] Started udev Coldplug all Devices.
[[0;32m  OK  [0m] Started Flush Journal to Persistent Storage.
         Starting udev Kernel Device Manager...
[[0;32m  OK  [0m] Started udev Kernel Device Manager.
[[0;32m  OK  [0m] Started Dispatch Password Requests to Console Directory Watch.
[[0;32m  OK  [0m] Started Monitoring of LVM2 mirrors,...ng dmeventd or progress polling.
[[0;32m  OK  [0m] Reached target Local File Systems (Pre).
[[0;32m  OK  [0m] Reached target Local File Systems.
         Starting Tell Plymouth To Write Out Runtime Data...
         Starting Create Volatile Files and Directories...
         Starting LSB: AppArmor initialization...
         Starting Set console font and keymap...
         Starting Commit a transient machine-id on disk...
[[0;32m  OK  [0m] Started Tell Plymouth To Write Out Runtime Data.
[[0;32m  OK  [0m] Started Create Volatile Files and Directories.
[[0;32m  OK  [0m] Started Commit a transient machine-id on disk.
[[0;32m  OK  [0m] Found device /dev/ttyS0.
         Starting Update UTMP about System Boot/Shutdown...
[[0;32m  OK  [0m] Reached target System Time Synchronized.
[[0;32m  OK  [0m] Listening on Load/Save RF Kill Switch Status /dev/rfkill Watch.
[[0;32m  OK  [0m] Started Update UTMP about System Boot/Shutdown.
[   12.838658] cloud-init[443]: Cloud-init v. 0.7.9 running 'init-local' at Wed, 12 Jul 2017 12:49:22 +0000. Up 12.29 seconds.
[[0;32m  OK  [0m] Started Initial cloud-init job (pre-networking).
[[0;32m  OK  [0m] Reached target Network (Pre).
[[0;32m  OK  [0m] Started LSB: AppArmor initialization.
[[0;32m  OK  [0m] Started Set console font and keymap.
[[0;32m  OK  [0m] Created slice system-getty.slice.
         Starting Raise network interfaces...
[[0;32m  OK  [0m] Started Raise network interfaces.
[[0;32m  OK  [0m] Reached target Network.
         Starting Initial cloud-init job (metadata service crawler)...
[   16.753951] cloud-init[932]: Cloud-init v. 0.7.9 running 'init' at Wed, 12 Jul 2017 12:49:25 +0000. Up 15.80 seconds.
[   16.772607] cloud-init[932]: ci-info: ++++++++++++++++++++++++++++++++++++++Net device info++++++++++++++++++++++++++++++++++++++
[   16.784598] cloud-init[932]: ci-info: +--------+-------+----------------------------+---------------+-------+-------------------+
[   16.800559] cloud-init[932]: ci-info: | Device |   Up  |          Address           |      Mask     | Scope |     Hw-Address    |
[[0;32m  OK  [0m] Started Initial cloud-init job (metadata service crawler).
[   16.814766] cloud-init[932]: ci-info: +--------+-------+----------------------------+---------------+-------+-------------------+
[   16.835900] [cloud-init[0;32m  OK  [0m[932]: ] ci-info: | enp0s3 |  True |         10.0.2.15          | 255.255.255.0 |   .   | 02:78:b2:60:73:84 |Reached target Cloud-config availability.

[[0;32m  OK  [0m] Reached target Network is Online.
[   16.836360] cloud-init[932]: ci-info: | enp0s3 |  True | fe80::78:b2ff:fe60:7384/64 |       .       |  link | 02:78:b2:60:73:84 |
[   16.848686] cloud-init[932]: ci-info: |   lo   |  True |         127.0.0.1          |   255.0.0.0   |   .   |         .         |
[   16.851752] cloud-init[932]: ci-info: |   lo   |  True |          ::1/128           |       .       |  host |         .         |
[   16.854896] cloud-init[932]: ci-info: | enp0s8 | False |             .              |       .       |   .   | 08:00:27:73:bd:85 |
[   16.858276]          cloud-initStarting iSCSI initiator daemon (iscsid)...[932]: 
ci-info: +--------+-------+----------------------------+---------------+-------+-------------------+
[   16.888284] [cloud-init[0;32m  OK  [0m[932]: ] ci-info: +++++++++++++++++++++++++++Route IPv4 info++++++++++++++++++++++++++++Reached target System Initialization.

[   16.888748]          cloud-initStarting Socket activation for snappy daemon.[932]: 
ci-info: +-------+-------------+----------+---------------+-----------+-------+
[   17.113018] [cloud-init[0;32m  OK  [0m[932]: ] ci-info: | Route | Destination | Gateway  |    Genmask    | Interface | Flags |Started Timer to automatically refresh installed snaps.

[   17.114754] cloud-init[932]: ci-info: +-------+-------------+----------+---------------+-----------+-------+
[   17.258918]          cloud-initStarting LXD - unix socket.[932]: 
ci-info: |   0   |   0.0.0.0   | 10.0.2.2 |    0.0.0.0    |   enp0s3  |   UG  |
[   17.283502] [cloud-init[0;32m  OK  [0m[932]: ] ci-info: |   1   |   10.0.2.0  | 0.0.0.0  | 255.255.255.0 |   enp0s3  |   U   |Listening on D-Bus System Message Bus Socket.

[   17.284135] [cloud-init[0;32m  OK  [0m[932]: ] ci-info: +-------+-------------+----------+---------------+-----------+-------+Started Daily apt activities.

[   17.340394] [cloud-init[0;32m  OK  [0m[932]: ] Generating public/private rsa key pair.Listening on ACPID Listen Socket.

[[0;32m  OK  [0m] Listening on UUID daemon activation socket.
[   17.340805] cloud-init[932]: Your identification has been saved in /etc/ssh/ssh_host_rsa_key.
[   17.384287] [cloud-init[0;32m  OK  [0m[932]: ] Your public key has been saved in /etc/ssh/ssh_host_rsa_key.pub.Started ACPI Events Check.

[   17.384705] [cloud-init[0;32m  OK  [0m[932]: ] The key fingerprint is:Reached target Paths.

[   17.446209] [cloud-init[0;32m  OK  [0m[932]: ] SHA256:RkQyYz8ieYVgR4WfPa5QpgXga2AKND1+hmY3k4Dq5UQ root@ubuntu-xenialStarted Daily Cleanup of Temporary Directories.

[   17.447207] [cloud-init[0;32m  OK  [0m[932]: ] The key's randomart image is:Reached target Timers.

[   17.572617] [cloud-init[0;32m  OK  [0m[932]: ] +---[RSA 2048]----+Listening on Socket activation for snappy daemon.

[   17.596570] [cloud-init[0;32m  OK  [0m[932]: ] | oo ++B==        |Listening on LXD - unix socket.

[[0;32m  OK  [0m] Started iSCSI initiator daemon (iscsid).
[   17.597131] cloud-init[932]: |...E ++B         |
[   17.665306] cloud-init[932]: |o = B +o+o       |
[   17.684848] cloud-init[932]: |oo O @ o*.o      |
[   17.704555] cloud-init[932]: |o * * o=S. .     |
[   17.721130] cloud-init[932]: | . o  o.  .      |
[   17.736621] cloud-init[932]: |       . .       |
         Starting Login to default iSCSI targets...
[[0;32m  OK  [0m] Reached target Sockets.
[[0;32m  OK  [0m] Reached target Basic System.
[   17.755678] cloud-init[932]: |        .        |
[   17.801812] cloud-init[932]: |                 |
         Starting LSB: Record successful boot for GRUB...
[   17.812944] cloud-init[932]: +----[SHA256]-----+
[   17.846032]          cloud-initStarting Pollinate to seed the pseudo random number generator...[932]: 
Generating public/private dsa key pair.
         Starting Accounts Service...
[   17.859927] cloud-init[932]: Your identification has been saved in /etc/ssh/ssh_host_dsa_key.
[   17.889282] [cloud-init[0;32m  OK  [0m[932]: ] Your public key has been saved in /etc/ssh/ssh_host_dsa_key.pub.Started Deferred execution scheduler.

[   17.892284] cloud-init[932]: The key fingerprint is:
[   17.894619] cloud-init[932]: SHA256:hZt1J8xCRl2t8FkzXs+IjJgT9kY3TP5KXf2AnpdwBSA root@ubuntu-xenial
[   17.896961] cloud-init[932]: The key's randomart image is:
[   17.899327] cloud-init[932]: +---[DSA 1024]----+
[   17.908430]          cloud-initStarting /etc/rc.local Compatibility...[932]: 
|         .E+oooo.|
[   17.914328]          cloud-initStarting Apply the settings specified in cloud-config...[932]: 
|        o+.=*. +=|
[   17.926005] [cloud-init[0;32m  OK  [0m[932]: ] |       ..*++O==*B|Started Regular background program processing daemon.

[   17.926359] cloud-init[932]: |        +=++oO==+|
[   17.968422] cloud-init[932]: |        So  + = .|
[[0;32m  OK  [0m] Started Snappy daemon.
[   17.968729] cloud-init[932]: |           . o   |
[   17.994720] cloud-init[932]: |            .    |
[   17.997482] cloud-init[932]: |                 |
[   18.032314]          cloud-initStarting Auto import assertions from block devices...[932]: 
|                 |
[   18.042419] cloud-init[932]: +----[SHA256]-----+
[   18.046806] cloud-init[932]: Generating public/private ecdsa key pair.
[   18.052070] [cloud-init[0;32m  OK  [0m[932]: ] Your identification has been saved in /etc/ssh/ssh_host_ecdsa_key.Started ACPI event daemon.

[   18.059275] [cloud-init[0;32m  OK  [0m[932]: ] Your public key has been saved in /etc/ssh/ssh_host_ecdsa_key.pub.Started Unattended Upgrades Shutdown.

[   18.059704] cloud-init[932]: The key fingerprint is:
[   18.093055] cloud-init[932]: SHA256:5R7kRyR5QR7a+C/SfC3HHIE4YcchcLdlist4ONt4lfc root@ubuntu-xenial
[[0;32m  OK  [0m] Started FUSE filesystem for LXC.
         Starting LXD - container startup/shutdown...
[[0;32m  OK  [0m] Started D-Bus System Message Bus.
[   18.102134] cloud-init[932]: The key's randomart image is:
[   18.151009] cloud-init[932]: +---[ECDSA 256]---+
[   18.156734] cloud-init[932]: |         .oB*=.o |
[   18.177481] cloud-init[932]: |          +BOo*  |
         Starting System Logging Service...
         Starting LSB: MD monitoring daemon...
         Starting Login Service...
[[0;32m  OK  [0m] Started System Logging Service.
[[0;32m  OK  [0m] Started /etc/rc.local Compatibility.
[[0;32m  OK  [0m] Started Auto import assertions from block devices.
[[0;32m  OK  [0m] Started LXD - container startup/shutdown.
[   18.198680] cloud-init[932]: |          ==++ . |
[   18.282251] cloud-init[932]: |         =+oo . .|
[   18.285429] cloud-init[932]: |        S+++oo o |
[   18.288721] cloud-init[932]: |         .*=...+o|
[   18.292661] cloud-init[932]: |         ooo+ + E|
[   18.307453] cloud-init[932]: |          .. o o |
[   18.316923] cloud-init[932]: |                 |
[   18.340357] cloud-init[932]: +----[SHA256]-----+
[[0;32m  OK  [0m] Started Login to default iSCSI targets.
[[0;32m  OK  [0m] Started LSB: Record successful boot for GRUB.
[   18.355826] cloud-init[932]: Generating public/private ed25519 key pair.
[   18.393873] cloud-init[932]: Your identification has been saved in /etc/ssh/ssh_host_ed25519_key.
[   18.398251] cloud-init[932]: Your public key has been saved in /etc/ssh/ssh_host_ed25519_key.pub.
[   18.403242] cloud-init[932]: The key fingerprint is:
[   18.460409] cloud-init[932]: SHA256:gjxACwGwORb4JbjnsqGXzxHnRGychCrGsLdmHVAAIXk root@ubuntu-xenial
[   18.501153] cloud-init[932]: The key's randomart image is:
[   18.532470] cloud-init[932]: +--[ED25519 256]--+
[[0;32m  OK  [0m] Started LSB: MD monitoring daemon.
[   18.542656] cloud-init[932]: |%Boo...          |
[   18.570114] cloud-init[932]: |*=E.o+ .         |
         Starting Authenticate and Authorize Users to Run Privileged Tasks...
[[0;32m  OK  [0m] Reached target Remote File Systems (Pre).
[   18.585428] cloud-init[932]: |**o=  *          |
[   18.616492] cloud-init[932]: |=+=o.+           |
[[0;32m  OK  [0m] Reached target Remote File Systems.
[   18.616609] cloud-init[932]: |.= o=.+ S        |
[   18.628983] cloud-init[932]: |o = .* .         |
[   18.636847] cloud-init[932]: |.* .. .          |
[   18.660377] cloud-init[932]: |o o. .           |
[   18.660644] cloud-init[932]: | . .o            |
         Starting LSB: automatic crash report generation...
[   18.660774] cloud-init[932]: +----[SHA256]-----+
         Starting LSB: Set the CPU Frequency Scaling governor to "ondemand"...
[   18.690709] cloud-init[1073]: Generating locales (this might take a while)...
         Starting LSB: daemon to balance interrupts for SMP systems...
         Starting Permit User Sessions...
         Starting LSB: VirtualBox Linux Additions...
[[0;32m  OK  [0m] Started Pollinate to seed the pseudo random number generator.
[[0;32m  OK  [0m] Started Permit User Sessions.
[[0;32m  OK  [0m] Started Login Service.
[[0;32m  OK  [0m] Started Authenticate and Authorize Users to Run Privileged Tasks.
[[0;32m  OK  [0m] Started Accounts Service.
[[0;32m  OK  [0m] Started LSB: Set the CPU Frequency Scaling governor to "ondemand".
[[0;32m  OK  [0m] Started LSB: automatic crash report generation.
         Starting Hold until boot process finishes up...
         Starting Terminate Plymouth Boot Screen...
         Starting OpenBSD Secure Shell server...
[[0;32m  OK  [0m] Started LSB: daemon to balance interrupts for SMP systems.
[[0;32m  OK  [0m] Started Hold until boot process finishes up.
[[0;32m  OK  [0m] Started Terminate Plymouth Boot Screen.
[[0;32m  OK  [0m] Started OpenBSD Secure Shell server.
[[0;32m  OK  [0m] Started Getty on tty1.
[[0;32m  OK  [0m] Started Serial Getty on ttyS0.
[[0;32m  OK  [0m] Reached target Login Prompts.
         Starting Set console scheme...
[[0;32m  OK  [0m] Started LSB: VirtualBox Linux Additions.
[[0;32m  OK  [0m] Started Set console scheme.
[[0;32m  OK  [0m] Reached target Multi-User System.
[[0;32m  OK  [0m] Reached target Graphical Interface.
         Starting Update UTMP about System Runlevel Changes...
[[0;32m  OK  [0m] Started Update UTMP about System Runlevel Changes.
[   19.446309] cloud-init[1073]:   en_US.UTF-8... done
[   19.451956] cloud-init[1073]: Generation complete.
         Stopping OpenBSD Secure Shell server...
[[0;32m  OK  [0m] Stopped OpenBSD Secure Shell server.
         Starting OpenBSD Secure Shell server...
[[0;32m  OK  [0m] Started OpenBSD Secure Shell server.
[   20.058770] cloud-init[1073]: Cloud-init v. 0.7.9 running 'modules:config' at Wed, 12 Jul 2017 12:49:28 +0000. Up 18.44 seconds.
[[0;32m  OK  [0m] Started Apply the settings specified in cloud-config.
         Starting Execute cloud user/final scripts...
ci-info: no authorized ssh keys fingerprints found for user ubuntu.
<14>Jul 12 12:49:30 ec2: 
<14>Jul 12 12:49:30 ec2: #############################################################
<14>Jul 12 12:49:30 ec2: -----BEGIN SSH HOST KEY FINGERPRINTS-----
<14>Jul 12 12:49:30 ec2: 1024 SHA256:hZt1J8xCRl2t8FkzXs+IjJgT9kY3TP5KXf2AnpdwBSA root@ubuntu-xenial (DSA)
<14>Jul 12 12:49:30 ec2: 256 SHA256:5R7kRyR5QR7a+C/SfC3HHIE4YcchcLdlist4ONt4lfc root@ubuntu-xenial (ECDSA)
<14>Jul 12 12:49:30 ec2: 256 SHA256:gjxACwGwORb4JbjnsqGXzxHnRGychCrGsLdmHVAAIXk root@ubuntu-xenial (ED25519)
<14>Jul 12 12:49:30 ec2: 2048 SHA256:RkQyYz8ieYVgR4WfPa5QpgXga2AKND1+hmY3k4Dq5UQ root@ubuntu-xenial (RSA)
<14>Jul 12 12:49:30 ec2: -----END SSH HOST KEY FINGERPRINTS-----
<14>Jul 12 12:49:30 ec2: #############################################################
-----BEGIN SSH HOST KEY KEYS-----
ecdsa-sha2-nistp256 AAAAE2VjZHNhLXNoYTItbmlzdHAyNTYAAAAIbmlzdHAyNTYAAABBBCPpuJBS/Rdo4Z7jJZN5Ddm3I/m3b0zOkXSIpZHdmT8ChSLxeMvaCDBx386CWxRifJ36nGol2rbuFeir2zXSZxg= root@ubuntu-xenial
ssh-ed25519 AAAAC3NzaC1lZDI1NTE5AAAAIJ+9pM5pqxkGNnpdAI3RNpTSG0mvVZJVkhafE72ct89V root@ubuntu-xenial
ssh-rsa AAAAB3NzaC1yc2EAAAADAQABAAABAQDdXNRnW4Hz3HuyqhcuebeuCSbhIsSosMjKmGpziwAuAw35iPzDrMqVEH8KrU21FXsYp7PZWkbBf/zMvq1f7zC65DEsJiVA81BOHlp8Mkg1AzjyLxRIb43/alPM8TcEppV/g91pfDUv8PCyKaT7pQ1uQ6MVmO24rJoyJzUjFj+5JrJ+svbH7V1NkdIQlybLXIKsksYKLpjSMmKByGlUzke4oi7mD/znkts/ckCv76ym3P4HLac6TgwGiBr88JXrAYWsZTYj3ptlxYD0axafzjN40oga0jcHdvg3yG2te9Y1WhM7tm2AWDUh25IXPlju0Q0ppF8hsftqTII6N6RZUzqb root@ubuntu-xenial
-----END SSH HOST KEY KEYS-----
[   21.289812] cloud-init[1299]: Cloud-init v. 0.7.9 running 'modules:final' at Wed, 12 Jul 2017 12:49:30 +0000. Up 20.43 seconds.
[   21.380571] [cloud-init[0;32m  OK  [0m[1299]: ] ci-info: no authorized ssh keys fingerprints found for user ubuntu.Started Execute cloud user/final scripts.

[   21.381041] cloud-init[1299]: Cloud-init v. 0.7.9 finished at Wed, 12 Jul 2017 12:49:31 +0000. Datasource DataSourceNoCloud [seed=/dev/sdb][dsmode=net].  Up 21.27 seconds
[[0;32m  OK  [0m] Reached target Cloud-init target.

Ubuntu 16.04.2 LTS ubuntu-xenial ttyS0

ubuntu-xenial login: 